# JRE version: OpenJDK Runtime Environment (8.0_162-b12) (build 1.8.0_162-8u162-b12-1-b12)
# Java VM: OpenJDK 64-Bit Server VM (25.162-b12 mixed mode linux-amd64 compressed oops)
Heap:
 PSYoungGen      total 421888K, used 39918K [0x00000000d5580000, 0x00000000f1880000, 0x0000000100000000)
  eden space 381952K, 0% used [0x00000000d5580000,0x00000000d5580000,0x00000000eca80000)
  from space 39936K, 99% used [0x00000000eca80000,0x00000000ef17b8d0,0x00000000ef180000)
  to   space 37888K, 0% used [0x00000000ef380000,0x00000000ef380000,0x00000000f1880000)
 ParOldGen       total 165888K, used 126613K [0x0000000080000000, 0x000000008a200000, 0x00000000d5580000)
  object space 165888K, 76% used [0x0000000080000000,0x0000000087ba5410,0x000000008a200000)
 Metaspace       used 36679K, capacity 36997K, committed 37504K, reserved 1081344K
  class space    used 4548K, capacity 4650K, committed 4736K, reserved 1048576K
GC Heap History (10 events):
Event: 11.189 GC heap after
Heap after GC invocations=20 (full 4):
 PSYoungGen      total 324608K, used 13751K [0x00000000d5580000, 0x00000000ebf00000, 0x0000000100000000)
  eden space 299520K, 0% used [0x00000000d5580000,0x00000000d5580000,0x00000000e7a00000)
  from space 25088K, 54% used [0x00000000e9a00000,0x00000000ea76dd58,0x00000000eb280000)
  to   space 32768K, 0% used [0x00000000e7a00000,0x00000000e7a00000,0x00000000e9a00000)
 ParOldGen       total 165888K, used 103109K [0x0000000080000000, 0x000000008a200000, 0x00000000d5580000)
  object space 165888K, 62% used [0x0000000080000000,0x00000000864b17a0,0x000000008a200000)
 Metaspace       used 28906K, capacity 29235K, committed 29696K, reserved 1075200K
  class space    used 3650K, capacity 3775K, committed 3840K, reserved 1048576K
}
Event: 13.665 GC heap before
{Heap before GC invocations=21 (full 4):
 PSYoungGen      total 324608K, used 313271K [0x00000000d5580000, 0x00000000ebf00000, 0x0000000100000000)
  eden space 299520K, 100% used [0x00000000d5580000,0x00000000e7a00000,0x00000000e7a00000)
  from space 25088K, 54% used [0x00000000e9a00000,0x00000000ea76dd58,0x00000000eb280000)
  to   space 32768K, 0% used [0x00000000e7a00000,0x00000000e7a00000,0x00000000e9a00000)
 ParOldGen       total 165888K, used 103109K [0x0000000080000000, 0x000000008a200000, 0x00000000d5580000)
  object space 165888K, 62% used [0x0000000080000000,0x00000000864b17a0,0x000000008a200000)
 Metaspace       used 30880K, capacity 31091K, committed 31360K, reserved 1077248K
  class space    used 3892K, capacity 3967K, committed 3968K, reserved 1048576K
Event: 13.767 GC heap after
Heap after GC invocations=21 (full 4):
 PSYoungGen      total 332288K, used 32748K [0x00000000d5580000, 0x00000000f1400000, 0x0000000100000000)
  eden space 299520K, 0% used [0x00000000d5580000,0x00000000d5580000,0x00000000e7a00000)
  from space 32768K, 99% used [0x00000000e7a00000,0x00000000e99fb118,0x00000000e9a00000)
  to   space 43008K, 0% used [0x00000000eea00000,0x00000000eea00000,0x00000000f1400000)
 ParOldGen       total 165888K, used 116800K [0x0000000080000000, 0x000000008a200000, 0x00000000d5580000)
  object space 165888K, 70% used [0x0000000080000000,0x00000000872101f8,0x000000008a200000)
 Metaspace       used 30880K, capacity 31091K, committed 31360K, reserved 1077248K
  class space    used 3892K, capacity 3967K, committed 3968K, reserved 1048576K
}
Event: 15.970 GC heap before
{Heap before GC invocations=22 (full 4):
 PSYoungGen      total 332288K, used 332268K [0x00000000d5580000, 0x00000000f1400000, 0x0000000100000000)
  eden space 299520K, 100% used [0x00000000d5580000,0x00000000e7a00000,0x00000000e7a00000)
  from space 32768K, 99% used [0x00000000e7a00000,0x00000000e99fb118,0x00000000e9a00000)
  to   space 43008K, 0% used [0x00000000eea00000,0x00000000eea00000,0x00000000f1400000)
 ParOldGen       total 165888K, used 116800K [0x0000000080000000, 0x000000008a200000, 0x00000000d5580000)
  object space 165888K, 70% used [0x0000000080000000,0x00000000872101f8,0x000000008a200000)
 Metaspace       used 32792K, capacity 33087K, committed 33408K, reserved 1079296K
  class space    used 4126K, capacity 4201K, committed 4224K, reserved 1048576K
Event: 15.999 GC heap after
Heap after GC invocations=22 (full 4):
 PSYoungGen      total 352768K, used 8070K [0x00000000d5580000, 0x00000000ef500000, 0x0000000100000000)
  eden space 341504K, 0% used [0x00000000d5580000,0x00000000d5580000,0x00000000ea300000)
  from space 11264K, 71% used [0x00000000eea00000,0x00000000ef1e1b78,0x00000000ef500000)
  to   space 41984K, 0% used [0x00000000ea300000,0x00000000ea300000,0x00000000ecc00000)
 ParOldGen       total 165888K, used 125161K [0x0000000080000000, 0x000000008a200000, 0x00000000d5580000)
  object space 165888K, 75% used [0x0000000080000000,0x0000000087a3a7e0,0x000000008a200000)
 Metaspace       used 32792K, capacity 33087K, committed 33408K, reserved 1079296K
  class space    used 4126K, capacity 4201K, committed 4224K, reserved 1048576K
}
Event: 17.729 GC heap before
{Heap before GC invocations=23 (full 4):
 PSYoungGen      total 352768K, used 349574K [0x00000000d5580000, 0x00000000ef500000, 0x0000000100000000)
  eden space 341504K, 100% used [0x00000000d5580000,0x00000000ea300000,0x00000000ea300000)
  from space 11264K, 71% used [0x00000000eea00000,0x00000000ef1e1b78,0x00000000ef500000)
  to   space 41984K, 0% used [0x00000000ea300000,0x00000000ea300000,0x00000000ecc00000)
 ParOldGen       total 165888K, used 125161K [0x0000000080000000, 0x000000008a200000, 0x00000000d5580000)
  object space 165888K, 75% used [0x0000000080000000,0x0000000087a3a7e0,0x000000008a200000)
 Metaspace       used 34632K, capacity 35013K, committed 35456K, reserved 1081344K
  class space    used 4286K, capacity 4394K, committed 4480K, reserved 1048576K
Event: 17.756 GC heap after
Heap after GC invocations=23 (full 4):
 PSYoungGen      total 383488K, used 15736K [0x00000000d5580000, 0x00000000f1a00000, 0x0000000100000000)
  eden space 341504K, 0% used [0x00000000d5580000,0x00000000d5580000,0x00000000ea300000)
  from space 41984K, 37% used [0x00000000ea300000,0x00000000eb25e298,0x00000000ecc00000)
  to   space 39424K, 0% used [0x00000000ef380000,0x00000000ef380000,0x00000000f1a00000)
 ParOldGen       total 165888K, used 125169K [0x0000000080000000, 0x000000008a200000, 0x00000000d5580000)
  object space 165888K, 75% used [0x0000000080000000,0x0000000087a3c7e0,0x000000008a200000)
 Metaspace       used 34632K, capacity 35013K, committed 35456K, reserved 1081344K
  class space    used 4286K, capacity 4394K, committed 4480K, reserved 1048576K
}
Event: 19.671 GC heap before
{Heap before GC invocations=24 (full 4):
 PSYoungGen      total 383488K, used 357240K [0x00000000d5580000, 0x00000000f1a00000, 0x0000000100000000)
  eden space 341504K, 100% used [0x00000000d5580000,0x00000000ea300000,0x00000000ea300000)
  from space 41984K, 37% used [0x00000000ea300000,0x00000000eb25e298,0x00000000ecc00000)
  to   space 39424K, 0% used [0x00000000ef380000,0x00000000ef380000,0x00000000f1a00000)
 ParOldGen       total 165888K, used 125169K [0x0000000080000000, 0x000000008a200000, 0x00000000d5580000)
  object space 165888K, 75% used [0x0000000080000000,0x0000000087a3c7e0,0x000000008a200000)
 Metaspace       used 35625K, capacity 35973K, committed 36352K, reserved 1081344K
  class space    used 4419K, capacity 4522K, committed 4608K, reserved 1048576K
Event: 19.712 GC heap after
Heap after GC invocations=24 (full 4):
 PSYoungGen      total 419840K, used 23290K [0x00000000d5580000, 0x00000000f1880000, 0x0000000100000000)
  eden space 381952K, 0% used [0x00000000d5580000,0x00000000d5580000,0x00000000eca80000)
  from space 37888K, 61% used [0x00000000ef380000,0x00000000f0a3ea50,0x00000000f1880000)
  to   space 39936K, 0% used [0x00000000eca80000,0x00000000eca80000,0x00000000ef180000)
 ParOldGen       total 165888K, used 125177K [0x0000000080000000, 0x000000008a200000, 0x00000000d5580000)
  object space 165888K, 75% used [0x0000000080000000,0x0000000087a3e7e0,0x000000008a200000)
 Metaspace       used 35625K, capacity 35973K, committed 36352K, reserved 1081344K
  class space    used 4419K, capacity 4522K, committed 4608K, reserved 1048576K
}
Event: 21.774 GC heap before
{Heap before GC invocations=25 (full 4):
 PSYoungGen      total 419840K, used 405242K [0x00000000d5580000, 0x00000000f1880000, 0x0000000100000000)
  eden space 381952K, 100% used [0x00000000d5580000,0x00000000eca80000,0x00000000eca80000)
  from space 37888K, 61% used [0x00000000ef380000,0x00000000f0a3ea50,0x00000000f1880000)
  to   space 39936K, 0% used [0x00000000eca80000,0x00000000eca80000,0x00000000ef180000)
 ParOldGen       total 165888K, used 125177K [0x0000000080000000, 0x000000008a200000, 0x00000000d5580000)
  object space 165888K, 75% used [0x0000000080000000,0x0000000087a3e7e0,0x000000008a200000)
 Metaspace       used 36679K, capacity 36997K, committed 37504K, reserved 1081344K
  class space    used 4548K, capacity 4650K, committed 4736K, reserved 1048576K

