# JRE version: OpenJDK Runtime Environment (8.0_162-b12) (build 1.8.0_162-8u162-b12-1-b12)
# Java VM: OpenJDK 64-Bit Server VM (25.162-b12 mixed mode linux-amd64 compressed oops)
Heap:
 PSYoungGen      total 968192K, used 150266K [0x000000076ab00000, 0x00000007c0000000, 0x00000007c0000000)
  eden space 736256K, 0% used [0x000000076ab00000,0x000000076ab00000,0x0000000797a00000)
  from space 231936K, 64% used [0x00000007aeb80000,0x00000007b7e3e990,0x00000007bce00000)
  to   space 330752K, 0% used [0x0000000797a00000,0x0000000797a00000,0x00000007abd00000)
 ParOldGen       total 555520K, used 555447K [0x00000006c0000000, 0x00000006e1e80000, 0x000000076ab00000)
  object space 555520K, 99% used [0x00000006c0000000,0x00000006e1e6de18,0x00000006e1e80000)
 Metaspace       used 44745K, capacity 45468K, committed 45784K, reserved 1089536K
  class space    used 5864K, capacity 6095K, committed 6144K, reserved 1048576K
GC Heap History (10 events):
Event: 101.794 GC heap after
Heap after GC invocations=30 (full 4):
 PSYoungGen      total 787456K, used 81892K [0x000000076ab00000, 0x00000007b0380000, 0x00000007c0000000)
  eden space 705536K, 0% used [0x000000076ab00000,0x000000076ab00000,0x0000000795c00000)
  from space 81920K, 99% used [0x000000079ef80000,0x00000007a3f79300,0x00000007a3f80000)
  to   space 151040K, 0% used [0x0000000795c00000,0x0000000795c00000,0x000000079ef80000)
 ParOldGen       total 212480K, used 211839K [0x00000006c0000000, 0x00000006ccf80000, 0x000000076ab00000)
  object space 212480K, 99% used [0x00000006c0000000,0x00000006ccedffa0,0x00000006ccf80000)
 Metaspace       used 44744K, capacity 45468K, committed 45784K, reserved 1089536K
  class space    used 5864K, capacity 6095K, committed 6144K, reserved 1048576K
}
Event: 101.794 GC heap before
{Heap before GC invocations=31 (full 5):
 PSYoungGen      total 787456K, used 81892K [0x000000076ab00000, 0x00000007b0380000, 0x00000007c0000000)
  eden space 705536K, 0% used [0x000000076ab00000,0x000000076ab00000,0x0000000795c00000)
  from space 81920K, 99% used [0x000000079ef80000,0x00000007a3f79300,0x00000007a3f80000)
  to   space 151040K, 0% used [0x0000000795c00000,0x0000000795c00000,0x000000079ef80000)
 ParOldGen       total 212480K, used 211839K [0x00000006c0000000, 0x00000006ccf80000, 0x000000076ab00000)
  object space 212480K, 99% used [0x00000006c0000000,0x00000006ccedffa0,0x00000006ccf80000)
 Metaspace       used 44744K, capacity 45468K, committed 45784K, reserved 1089536K
  class space    used 5864K, capacity 6095K, committed 6144K, reserved 1048576K
Event: 102.719 GC heap after
Heap after GC invocations=31 (full 5):
 PSYoungGen      total 787456K, used 71550K [0x000000076ab00000, 0x00000007b0380000, 0x00000007c0000000)
  eden space 705536K, 0% used [0x000000076ab00000,0x000000076ab00000,0x0000000795c00000)
  from space 81920K, 87% used [0x000000079ef80000,0x00000007a355f810,0x00000007a3f80000)
  to   space 151040K, 0% used [0x0000000795c00000,0x0000000795c00000,0x000000079ef80000)
 ParOldGen       total 357888K, used 212156K [0x00000006c0000000, 0x00000006d5d80000, 0x000000076ab00000)
  object space 357888K, 59% used [0x00000006c0000000,0x00000006ccf2f3a8,0x00000006d5d80000)
 Metaspace       used 44744K, capacity 45468K, committed 45784K, reserved 1089536K
  class space    used 5864K, capacity 6095K, committed 6144K, reserved 1048576K
}
Event: 103.991 GC heap before
{Heap before GC invocations=32 (full 5):
 PSYoungGen      total 787456K, used 777086K [0x000000076ab00000, 0x00000007b0380000, 0x00000007c0000000)
  eden space 705536K, 100% used [0x000000076ab00000,0x0000000795c00000,0x0000000795c00000)
  from space 81920K, 87% used [0x000000079ef80000,0x00000007a355f810,0x00000007a3f80000)
  to   space 151040K, 0% used [0x0000000795c00000,0x0000000795c00000,0x000000079ef80000)
 ParOldGen       total 357888K, used 212156K [0x00000006c0000000, 0x00000006d5d80000, 0x000000076ab00000)
  object space 357888K, 59% used [0x00000006c0000000,0x00000006ccf2f3a8,0x00000006d5d80000)
 Metaspace       used 44744K, capacity 45468K, committed 45784K, reserved 1089536K
  class space    used 5864K, capacity 6095K, committed 6144K, reserved 1048576K
Event: 104.493 GC heap after
Heap after GC invocations=32 (full 5):
 PSYoungGen      total 856576K, used 151008K [0x000000076ab00000, 0x00000007bce00000, 0x00000007c0000000)
  eden space 705536K, 0% used [0x000000076ab00000,0x000000076ab00000,0x0000000795c00000)
  from space 151040K, 99% used [0x0000000795c00000,0x000000079ef78260,0x000000079ef80000)
  to   space 231936K, 0% used [0x00000007aeb80000,0x00000007aeb80000,0x00000007bce00000)
 ParOldGen       total 357888K, used 354663K [0x00000006c0000000, 0x00000006d5d80000, 0x000000076ab00000)
  object space 357888K, 99% used [0x00000006c0000000,0x00000006d5a59e28,0x00000006d5d80000)
 Metaspace       used 44744K, capacity 45468K, committed 45784K, reserved 1089536K
  class space    used 5864K, capacity 6095K, committed 6144K, reserved 1048576K
}
Event: 104.493 GC heap before
{Heap before GC invocations=33 (full 6):
 PSYoungGen      total 856576K, used 151008K [0x000000076ab00000, 0x00000007bce00000, 0x00000007c0000000)
  eden space 705536K, 0% used [0x000000076ab00000,0x000000076ab00000,0x0000000795c00000)
  from space 151040K, 99% used [0x0000000795c00000,0x000000079ef78260,0x000000079ef80000)
  to   space 231936K, 0% used [0x00000007aeb80000,0x00000007aeb80000,0x00000007bce00000)
 ParOldGen       total 357888K, used 354663K [0x00000006c0000000, 0x00000006d5d80000, 0x000000076ab00000)
  object space 357888K, 99% used [0x00000006c0000000,0x00000006d5a59e28,0x00000006d5d80000)
 Metaspace       used 44744K, capacity 45468K, committed 45784K, reserved 1089536K
  class space    used 5864K, capacity 6095K, committed 6144K, reserved 1048576K
Event: 106.014 GC heap after
Heap after GC invocations=33 (full 6):
 PSYoungGen      total 856576K, used 144156K [0x000000076ab00000, 0x00000007bce00000, 0x00000007c0000000)
  eden space 705536K, 0% used [0x000000076ab00000,0x000000076ab00000,0x0000000795c00000)
  from space 151040K, 95% used [0x0000000795c00000,0x000000079e8c70c8,0x000000079ef80000)
  to   space 231936K, 0% used [0x00000007aeb80000,0x00000007aeb80000,0x00000007bce00000)
 ParOldGen       total 555520K, used 357655K [0x00000006c0000000, 0x00000006e1e80000, 0x000000076ab00000)
  object space 555520K, 64% used [0x00000006c0000000,0x00000006d5d45da0,0x00000006e1e80000)
 Metaspace       used 44744K, capacity 45468K, committed 45784K, reserved 1089536K
  class space    used 5864K, capacity 6095K, committed 6144K, reserved 1048576K
}
Event: 107.330 GC heap before
{Heap before GC invocations=34 (full 6):
 PSYoungGen      total 856576K, used 849692K [0x000000076ab00000, 0x00000007bce00000, 0x00000007c0000000)
  eden space 705536K, 100% used [0x000000076ab00000,0x0000000795c00000,0x0000000795c00000)
  from space 151040K, 95% used [0x0000000795c00000,0x000000079e8c70c8,0x000000079ef80000)
  to   space 231936K, 0% used [0x00000007aeb80000,0x00000007aeb80000,0x00000007bce00000)
 ParOldGen       total 555520K, used 357655K [0x00000006c0000000, 0x00000006e1e80000, 0x000000076ab00000)
  object space 555520K, 64% used [0x00000006c0000000,0x00000006d5d45da0,0x00000006e1e80000)
 Metaspace       used 44745K, capacity 45468K, committed 45784K, reserved 1089536K
  class space    used 5864K, capacity 6095K, committed 6144K, reserved 1048576K
Event: 107.970 GC heap after
Heap after GC invocations=34 (full 6):
 PSYoungGen      total 968192K, used 231924K [0x000000076ab00000, 0x00000007c0000000, 0x00000007c0000000)
  eden space 736256K, 0% used [0x000000076ab00000,0x000000076ab00000,0x0000000797a00000)
  from space 231936K, 99% used [0x00000007aeb80000,0x00000007bcdfd388,0x00000007bce00000)
  to   space 330752K, 0% used [0x0000000797a00000,0x0000000797a00000,0x00000007abd00000)
 ParOldGen       total 555520K, used 507524K [0x00000006c0000000, 0x00000006e1e80000, 0x000000076ab00000)
  object space 555520K, 91% used [0x00000006c0000000,0x00000006defa12c0,0x00000006e1e80000)
 Metaspace       used 44745K, capacity 45468K, committed 45784K, reserved 1089536K
  class space    used 5864K, capacity 6095K, committed 6144K, reserved 1048576K
}
Event: 107.970 GC heap before
{Heap before GC invocations=35 (full 7):
 PSYoungGen      total 968192K, used 231924K [0x000000076ab00000, 0x00000007c0000000, 0x00000007c0000000)
  eden space 736256K, 0% used [0x000000076ab00000,0x000000076ab00000,0x0000000797a00000)
  from space 231936K, 99% used [0x00000007aeb80000,0x00000007bcdfd388,0x00000007bce00000)
  to   space 330752K, 0% used [0x0000000797a00000,0x0000000797a00000,0x00000007abd00000)
 ParOldGen       total 555520K, used 507524K [0x00000006c0000000, 0x00000006e1e80000, 0x000000076ab00000)
  object space 555520K, 91% used [0x00000006c0000000,0x00000006defa12c0,0x00000006e1e80000)
 Metaspace       used 44745K, capacity 45468K, committed 45784K, reserved 1089536K
  class space    used 5864K, capacity 6095K, committed 6144K, reserved 1048576K

